Arguments: 
  C:\Program Files\nodejs\node.exe C:\Users\uwamg\AppData\Roaming\npm\node_modules\yarn\bin\yarn.js

PATH: 
  C:\Program Files\Java\jdk-11.0.1\bin;C:\Users\uwamg\Downloads\apps\WINDOWS.X64_193000_db_home\bin;C:\Program Files\Common Files\Oracle\Java\javapath;C:\WINDOWS\system32;C:\WINDOWS;C:\WINDOWS\System32\Wbem;C:\WINDOWS\System32\WindowsPowerShell\v1.0\;C:\WINDOWS\System32\OpenSSH\;C:\Program Files\Microsoft VS Code\bin;C:\Program Files\Git\cmd;C:\MinGW\bin;C:\Program Files\PuTTY\;C:\Users\uwamg\AppData\Local\Pub\Cache\bin;C:\Users\uwamg\Desktop;C:\apache-tomcat-10.0.21;C:\apache-tomcat-10.0.21\bin;C:\Users\uwamg\Downloads\apps;C:\Users\uwamg\AppData\Roaming\nvm;C:\Program Files\nodejs;C:\android-SDK\platform-tools;C:\Users\uwamg\AppData\Local\Programs\Python\Python310\Scripts;C:\ProgramData\chocolatey\bin;C:\Program Files\Tesseract-OCR;C:\Program Files\Git\bin;C:\Program Files\Docker\Docker\resources\bin;C:\Program Files\PostgreSQL\16\bin;C:\Program Files\MySQL\MySQL Shell 8.0\bin\;C:\Users\uwamg\scoop\shims;C:\Users\uwamg\AppData\Local\Microsoft\WindowsApps;C:\Users\uwamg\AppData\Local\GitHubDesktop\bin;C:\flutter\bin;C:\Program Files\heroku\bin;C:\Users\uwamg\AppData\Local\Programs\Hyper\resources\bin;C:\Users\uwamg\AppData\Roaming\npm;C:\Program Files (x86)\Nmap;C:\Users\uwamg\AppData\Roaming\nvm;C:\Program Files\nodejs;C:\Program Files\Tesseract-OCR;;C:\Program Files\JetBrains\IntelliJ IDEA 2023.3.6\bin;

Yarn version: 
  1.22.18

Node version: 
  19.4.0

Platform: 
  win32 x64

Trace: 
  Error: https://registry.yarnpkg.com/@material-ui/icons/-/icons-4.11.3.tgz: ESOCKETTIMEDOUT
      at ClientRequest.<anonymous> (C:\Users\uwamg\AppData\Roaming\npm\node_modules\yarn\lib\cli.js:141510:19)
      at Object.onceWrapper (node:events:627:28)
      at ClientRequest.emit (node:events:513:28)
      at TLSSocket.emitRequestTimeout (node:_http_client:833:9)
      at Object.onceWrapper (node:events:627:28)
      at TLSSocket.emit (node:events:525:35)
      at Socket._onTimeout (node:net:565:8)
      at listOnTimeout (node:internal/timers:564:17)
      at process.processTimers (node:internal/timers:507:7)

npm manifest: 
  {
    "name": "free-mentors-UI",
    "version": "0.1.0",
    "description": "Boilerplate generated by express-generator-react-typescript-material-apollo-graphql",
    "private": true,
    "dependencies": {
      "@apollo/react-hooks": "^3.1.3",
      "@material-ui/core": "^4.8.3",
      "@material-ui/icons": "^4.5.1",
      "@testing-library/jest-dom": "^4.2.4",
      "@testing-library/react": "^9.4.0",
      "@testing-library/user-event": "^7.2.1",
      "@types/jest": "^24.0.25",
      "@types/node": "^12.12.24",
      "@types/react": "^16.9.17",
      "@types/react-dom": "^16.9.4",
      "apollo-boost": "^0.4.7",
      "global-store-manager": "^1.0.3",
      "graphql": "^14.5.8",
      "react": "^16.12.0",
      "react-apollo": "^3.1.3",
      "react-dom": "^16.12.0",
      "react-scripts": "3.3.0",
      "typescript": "^3.7.4"
    },
    "scripts": {
      "start": "react-scripts start",
      "build": "react-scripts build",
      "test": "react-scripts test",
      "eject": "react-scripts eject"
    },
    "eslintConfig": {
      "extends": "react-app"
    },
    "browserslist": {
      "production": [
        ">0.2%",
        "not dead",
        "not op_mini all"
      ],
      "development": [
        "last 1 chrome version",
        "last 1 firefox version",
        "last 1 safari version"
      ]
    }
  }

yarn manifest: 
  No manifest

Lockfile: 
  No lockfile
